<?xml version="1.0" encoding="UTF-8"?>
<!-- Generated by org.testng.reporters.JUnitReportReporter -->
<testsuite hostname="RESHMA" failures="0" tests="1" name="OwnPractice.AssertionString" time="0.009" errors="0" timestamp="2024-03-02T11:25:37 IST" skipped="0">
  <testcase classname="OwnPractice.AssertionString" name="Test" time="0.009"/>
  <system-out/>
</testsuite> <!-- OwnPractice.AssertionString -->
