<?xml version="1.0" encoding="UTF-8"?>
<!-- Generated by org.testng.reporters.JUnitReportReporter -->
<testsuite hostname="RESHMA" failures="0" tests="4" name="Day24_TestNG.OrangeHrmlogin" time="14.901" errors="0" timestamp="2024-03-05T17:31:39 IST" skipped="0">
  <testcase classname="Day24_TestNG.OrangeHrmlogin" name="openapp" time="14.125"/>
  <system-out/>
  <testcase classname="Day24_TestNG.OrangeHrmlogin" name="validation" time="0.107"/>
  <system-out/>
  <testcase classname="Day24_TestNG.OrangeHrmlogin" name="login" time="0.439"/>
  <system-out/>
  <testcase classname="Day24_TestNG.OrangeHrmlogin" name="logout" time="0.230"/>
  <system-out/>
</testsuite> <!-- Day24_TestNG.OrangeHrmlogin -->
