<?xml version="1.0" encoding="UTF-8"?>
<!-- Generated by org.testng.reporters.JUnitReportReporter -->
<testsuite hostname="RESHMA" failures="0" tests="5" name="day25_Annotation.DependentMethod" time="0.011" errors="0" timestamp="2024-02-19T19:46:27 IST" skipped="0">
  <testcase classname="day25_Annotation.DependentMethod" name="openapp" time="0.007"/>
  <system-out/>
  <testcase classname="day25_Annotation.DependentMethod" name="login" time="0.001"/>
  <system-out/>
  <testcase classname="day25_Annotation.DependentMethod" name="search" time="0.001"/>
  <system-out/>
  <testcase classname="day25_Annotation.DependentMethod" name="advancedsearch" time="0.001"/>
  <system-out/>
  <testcase classname="day25_Annotation.DependentMethod" name="logout" time="0.001"/>
  <system-out/>
</testsuite> <!-- day25_Annotation.DependentMethod -->
