<?xml version="1.0" encoding="UTF-8"?>
<!-- Generated by org.testng.reporters.JUnitReportReporter -->
<testsuite hostname="RESHMA" failures="0" tests="6" name="OwnPractice.FirsttestCase" time="0.021" errors="0" timestamp="2024-03-02T10:41:23 IST" skipped="0">
  <testcase classname="OwnPractice.FirsttestCase" name="Login" time="0.002"/>
  <system-out/>
  <testcase classname="OwnPractice.FirsttestCase" name="Login" time="0.004"/>
  <system-out/>
  <testcase classname="OwnPractice.FirsttestCase" name="Logout" time="0.008"/>
  <system-out/>
  <testcase classname="OwnPractice.FirsttestCase" name="Logout" time="0.002"/>
  <system-out/>
  <testcase classname="OwnPractice.FirsttestCase" name="Click" time="0.003"/>
  <system-out/>
  <testcase classname="OwnPractice.FirsttestCase" name="Click" time="0.002"/>
  <system-out/>
</testsuite> <!-- OwnPractice.FirsttestCase -->
