<?xml version="1.0" encoding="UTF-8"?>
<!-- Generated by org.testng.reporters.JUnitReportReporter -->
<testsuite hostname="RESHMA" failures="0" tests="3" name="Day24_TestNG.First_Testcase" time="0.012" errors="0" timestamp="2024-02-17T11:18:31 IST" skipped="0">
  <testcase classname="Day24_TestNG.First_Testcase" name="openapp" time="0.007"/>
  <system-out/>
  <testcase classname="Day24_TestNG.First_Testcase" name="login" time="0.003"/>
  <system-out/>
  <testcase classname="Day24_TestNG.First_Testcase" name="logout" time="0.002"/>
  <system-out/>
</testsuite> <!-- Day24_TestNG.First_Testcase -->
