<?xml version="1.0" encoding="UTF-8"?>
<!-- Generated by org.testng.reporters.JUnitReportReporter -->
<testsuite hostname="RESHMA" failures="0" tests="8" name="OwnPractice.OrangeHrmLogin" time="63.229" errors="0" timestamp="2024-03-02T10:41:23 IST" skipped="0">
  <testcase classname="OwnPractice.OrangeHrmLogin" name="openuRL" time="42.980"/>
  <system-out/>
  <testcase classname="OwnPractice.OrangeHrmLogin" name="openuRL" time="17.145"/>
  <system-out/>
  <testcase classname="OwnPractice.OrangeHrmLogin" name="validation" time="1.051"/>
  <system-out/>
  <testcase classname="OwnPractice.OrangeHrmLogin" name="validation" time="0.975"/>
  <system-out/>
  <testcase classname="OwnPractice.OrangeHrmLogin" name="Login" time="0.441"/>
  <system-out/>
  <testcase classname="OwnPractice.OrangeHrmLogin" name="Login" time="0.375"/>
  <system-out/>
  <testcase classname="OwnPractice.OrangeHrmLogin" name="Logout" time="0.145"/>
  <system-out/>
  <testcase classname="OwnPractice.OrangeHrmLogin" name="Logout" time="0.117"/>
  <system-out/>
</testsuite> <!-- OwnPractice.OrangeHrmLogin -->
