<?xml version="1.0" encoding="UTF-8"?>
<!-- Generated by org.testng.reporters.JUnitReportReporter -->
<testsuite hostname="RESHMA" failures="0" tests="2" name="OwnPractice.Annotation_BeforeMethod" time="0.014" errors="0" timestamp="2024-03-02T10:36:54 IST" skipped="0">
  <testcase classname="OwnPractice.Annotation_BeforeMethod" name="Logout" time="0.010"/>
  <system-out/>
  <testcase classname="OwnPractice.Annotation_BeforeMethod" name="log" time="0.004"/>
  <system-out/>
</testsuite> <!-- OwnPractice.Annotation_BeforeMethod -->
