<?xml version="1.0" encoding="UTF-8"?>
<!-- Generated by org.testng.reporters.JUnitReportReporter -->
<testsuite hostname="RESHMA" failures="0" tests="2" name="OwnPractice.Annotations_BeforeSuite" time="0.003" errors="0" timestamp="2024-03-02T10:36:54 IST" skipped="0">
  <testcase classname="OwnPractice.Annotations_BeforeSuite" name="Logout" time="0.001"/>
  <system-out/>
  <testcase classname="OwnPractice.Annotations_BeforeSuite" name="log" time="0.002"/>
  <system-out/>
</testsuite> <!-- OwnPractice.Annotations_BeforeSuite -->
