<?xml version="1.0" encoding="UTF-8"?>
<!-- Generated by org.testng.reporters.JUnitReportReporter -->
<testsuite hostname="RESHMA" failures="0" tests="4" name="OwnPractice.Annotations_Beforeclass" time="0.003" errors="0" timestamp="2024-03-02T10:41:23 IST" skipped="0">
  <testcase classname="OwnPractice.Annotations_Beforeclass" name="Logout" time="0.000"/>
  <system-out/>
  <testcase classname="OwnPractice.Annotations_Beforeclass" name="Logout" time="0.000"/>
  <system-out/>
  <testcase classname="OwnPractice.Annotations_Beforeclass" name="log" time="0.001"/>
  <system-out/>
  <testcase classname="OwnPractice.Annotations_Beforeclass" name="log" time="0.002"/>
  <system-out/>
</testsuite> <!-- OwnPractice.Annotations_Beforeclass -->
