<?xml version="1.0" encoding="UTF-8"?>
<!-- Generated by org.testng.reporters.JUnitReportReporter -->
<testsuite hostname="RESHMA" failures="0" tests="2" name="OwnPractice.Annotations_BeforeTest" time="0.006" errors="0" timestamp="2024-03-02T10:36:54 IST" skipped="0">
  <testcase classname="OwnPractice.Annotations_BeforeTest" name="Logout" time="0.002"/>
  <system-out/>
  <testcase classname="OwnPractice.Annotations_BeforeTest" name="log" time="0.004"/>
  <system-out/>
</testsuite> <!-- OwnPractice.Annotations_BeforeTest -->
