<?xml version="1.0" encoding="UTF-8"?>
<!-- Generated by org.testng.reporters.JUnitReportReporter -->
<testsuite hostname="RESHMA" failures="0" tests="1" name="day25_Annotation.Class2" time="0.005" errors="0" timestamp="2024-02-19T17:45:23 IST" skipped="0">
  <testcase classname="day25_Annotation.Class2" name="m1" time="0.005"/>
  <system-out/>
</testsuite> <!-- day25_Annotation.Class2 -->
