<?xml version="1.0" encoding="UTF-8"?>
<!-- Generated by org.testng.reporters.JUnitReportReporter -->
<testsuite hostname="RESHMA" failures="0" tests="1" name="OwnPractice.class1" time="0.001" errors="0" timestamp="2024-03-02T10:36:54 IST" skipped="0">
  <testcase classname="OwnPractice.class1" name="m" time="0.001"/>
  <system-out/>
</testsuite> <!-- OwnPractice.class1 -->
