<?xml version="1.0" encoding="UTF-8"?>
<!-- Generated by org.testng.reporters.JUnitReportReporter -->
<testsuite hostname="RESHMA" failures="0" tests="1" name="day25_Annotation.Class1" time="0.006" errors="0" timestamp="2024-02-19T17:31:18 IST" skipped="0">
  <testcase classname="day25_Annotation.Class1" name="m" time="0.006"/>
  <system-out/>
</testsuite> <!-- day25_Annotation.Class1 -->
