<?xml version="1.0" encoding="UTF-8"?>
<!-- Generated by org.testng.reporters.JUnitReportReporter -->
<testsuite hostname="RESHMA" failures="0" tests="2" name="day25_Annotation.AllAnnotationsDemo" time="0.010" errors="0" timestamp="2024-02-19T18:02:09 IST" skipped="0">
  <testcase classname="day25_Annotation.AllAnnotationsDemo" name="tm1" time="0.007"/>
  <system-out/>
  <testcase classname="day25_Annotation.AllAnnotationsDemo" name="tm2" time="0.003"/>
  <system-out/>
</testsuite> <!-- day25_Annotation.AllAnnotationsDemo -->
