<?xml version="1.0" encoding="UTF-8"?>
<!-- Generated by org.testng.reporters.JUnitReportReporter -->
<testsuite hostname="RESHMA" failures="0" tests="2" name="day25_Annotation.AnnotationsDemo" time="0.017" errors="0" timestamp="2024-02-19T15:47:27 IST" skipped="0">
  <testcase classname="day25_Annotation.AnnotationsDemo" name="search" time="0.015"/>
  <system-out/>
  <testcase classname="day25_Annotation.AnnotationsDemo" name="advancedsearch" time="0.002"/>
  <system-out/>
</testsuite> <!-- day25_Annotation.AnnotationsDemo -->
