<?xml version="1.0" encoding="UTF-8"?>
<!-- Generated by org.testng.reporters.JUnitReportReporter -->
<testsuite hostname="RESHMA" failures="0" tests="2" name="day25_Annotation.AnnotationsDemo2" time="0.006" errors="0" timestamp="2024-02-19T17:17:31 IST" skipped="0">
  <testcase classname="day25_Annotation.AnnotationsDemo2" name="search" time="0.004"/>
  <system-out/>
  <testcase classname="day25_Annotation.AnnotationsDemo2" name="advanced" time="0.002"/>
  <system-out/>
</testsuite> <!-- day25_Annotation.AnnotationsDemo2 -->
